0.0016744729364290833
0.0021045473404228687
0.0023525895085185766
0.0016910175327211618
0.0019612207543104887
0.002696721814572811
0.0023548854514956474
0.002582627348601818
0.002209477825090289
0.0022536306641995907
0.0020572745706886053
0.0020308250095695257
0.0021784978453069925
0.002509994665160775
0.002338164020329714
0.0019240147667005658
0.0019517485052347183
0.0025336008984595537
0.0019624100532382727
0.0020586387254297733
0.00228649890050292
0.002104350598528981
0.0022948049008846283
0.0020641193259507418
0.001935562351718545
0.002870808122679591
0.0021758051589131355
0.0025729183107614517
0.0018751691095530987
0.0022998792119324207
0.001756800338625908
0.0022549224086105824
0.002226079348474741
0.00215182825922966
0.0028371105436235666
0.002199399285018444
0.002008161973208189
0.0019451678963378072
0.001810127985663712
0.0020871302112936974
0.0022263089194893837
0.0025692391209304333
0.0022177279461175203
0.002276149345561862
0.0024527732748538256
0.0023905537091195583
0.002736973110586405
0.0017615382093936205
0.003010393353179097
0.002197455381974578
0.0027634368743747473
0.0023011541925370693
0.0023367498070001602
0.0021834338549524546
0.0025737734977155924
0.0020041505340486765
0.0020996693056076765
0.001890293788164854
0.0022337520495057106
0.0019737950060516596
0.0021432761568576097
0.002114932518452406
0.0015949188964441419
0.0026163836009800434
0.0022022041957825422
0.00227714073844254
0.0021637328900396824
0.001659601810388267
0.0018940707668662071
0.0020043235272169113
0.0024555199779570103
0.0016573707107454538
0.0015542228939011693
0.002666789572685957
0.0016415361315011978
0.002077607437968254
0.0025569042190909386
0.0025153341703116894
0.0016258173855021596
0.0023965504951775074
0.0018461134750396013
0.0024122323375195265
0.0021652153227478266
0.0024157532025128603
0.002532543381676078
0.0023092010524123907
0.002442265162244439
0.002313974779099226
0.0021716454066336155
0.0018613552674651146
0.0021489541977643967
0.001824815641157329
0.0019208156736567616
0.0022385306656360626
0.0024790125899016857
0.0028458116576075554
0.002010597148910165
0.0018914822721853852
0.002324027707800269
0.002546764677390456
0.00235808826982975
0.0017993743531405926
0.0021834142971783876
0.0023559443652629852
0.0020762148778885603
0.0018141231266781688
0.0018246534746140242
0.001905658864416182
0.001959360670298338
0.0028736991807818413
0.00261951913125813
0.002732974011451006
0.0024375049397349358
0.001858409377746284
0.002272193320095539
0.0018383428687229753
0.002409812994301319
0.0019529055571183562
0.002015516394749284
0.0021396647207438946
0.001936056069098413
0.0020664629992097616
0.0021121930330991745
0.002609650604426861
0.001842208788730204
0.0021511437371373177
0.0016072605503723025
0.0021458901464939117
0.0021819365210831165
0.0018994653364643455
0.0022040954791009426
0.0022613047622144222
0.0021108496002852917
0.002106417901813984
0.002295623067766428
0.0020916324574500322
0.0019661332480609417
0.001975735416635871
0.0025065240915864706
0.002435541246086359
0.0020409561693668365
0.002116653136909008
0.002128678373992443
0.002395063638687134
0.002529891673475504
0.0018418263643980026
0.0021621137857437134
0.0021402589045464993
0.002620951971039176
0.0022601678501814604
0.002098737983033061
0.0019316182006150484
0.0024645926896482706
0.002304833848029375
0.0019479007460176945
0.002018311759456992
0.0021762519609183073
0.0021562566980719566
0.0024809211026877165
0.002161388285458088
0.0020623139571398497
0.002253927057608962
0.0017237222054973245
0.0024591898545622826
0.0021251849830150604
0.002392912982031703
0.002196763176470995
0.0017907011788338423
0.002213273197412491
0.0022691991180181503
0.0021125266794115305
0.001958000473678112
0.0019837950821965933
0.0019399813609197736
0.0017616258701309562
0.0015910723013803363
0.00293945474550128
0.0029348444659262896
0.0019166669808328152
0.002208353253081441
0.002674902556464076
0.0020869888830929995
0.0024529490619897842
0.002176351612433791
0.0023159924894571304
0.002274880651384592
0.002314602490514517
0.002048840746283531
0.002327538561075926
0.002035189652815461
0.0023771810811012983
0.002692117588594556
0.0019537366461008787
0.0024609395768493414
0.0017620917642489076
0.0018787221051752567
0.0022023783531039953
0.002335747005417943
0.001735227764584124
0.0018017678521573544
0.002257412299513817
0.0021396921947598457
0.0016400760505348444
0.0020452875178307295
0.0023895110934972763
0.0019238798413425684
0.002043420448899269
0.0021060449071228504
0.0022414722479879856
0.0019345099572092295
0.002129532163962722
0.0020743110217154026
0.0018019444542005658
0.0022509030532091856
0.0014738349709659815
0.0020920285023748875
0.002211405197158456
0.0021364297717809677
0.0019797803834080696
0.0024785262066870928
0.002700349548831582
0.0022406475618481636
0.0017903763800859451
0.002423088066279888
0.002465991536155343
0.0021255542524158955
0.0018047733465209603
0.0025869212113320827
0.0017594331875443459
0.002192616695538163
0.0033853736240416765
0.0022641229443252087
0.0022542059887200594
0.002301698550581932
0.002085742074996233
0.0023468073923140764
0.0022923073265701532
0.0019852675031870604
0.0019311292562633753
0.001852633198723197
0.0023396683391183615
0.0021628194954246283
0.002031040145084262
0.0023434984032064676
0.0025371441151946783
0.0020065046846866608
0.0025139739736914635
0.002314121462404728
0.0021310735028237104
0.002083888975903392
0.0017638277495279908
0.0019573960453271866
0.00203340919688344
0.0018690145807340741
0.002035626908764243
0.001557583687826991
0.0022550690919160843
0.0030372641049325466
0.002606083871796727
0.0022177649661898613
0.0020761985797435045
0.002542810747399926
0.0021581356413662434
0.002027686219662428
0.0019499619957059622
0.0018866898026317358
0.001969232689589262
0.0022366258781403303
0.002463950077071786
0.0021860378328710794
0.0027212549466639757
0.0026694040279835463
0.002745783654972911
0.002224894240498543
0.002525318879634142
0.0021163374185562134
0.0028246340807527304
0.0023281273897737265
0.001720414380542934
0.0020349861588329077
0.0019218544475734234
0.002046290785074234
0.002356687793508172
0.0018341882387176156
0.0017453900072723627
0.002813647035509348
0.0020170880015939474
0.0024564233608543873
0.0025922413915395737
0.002102495403960347
0.002238344168290496
0.0021651696879416704
0.0023344368673861027
0.0022541035432368517
0.0019345864420756698
0.00210649985820055
0.00368091301061213
0.0019767642952501774
0.0021794973872601986
0.0020831332076340914
0.0017586196772754192
0.0022585634142160416
0.002602325053885579
0.0025547139812260866
0.002258608816191554
0.002250190358608961
0.002126995474100113
0.0022973068989813328
0.0019168787403032184
0.001975871156901121
0.002591321710497141
0.002360123675316572
0.0021945734042674303
