0.0016649742610752583
0.00208824360743165
0.002334920922294259
0.0016806324711069465
0.0019513333681970835
0.002678113989531994
0.002339782193303108
0.002563831163570285
0.002192314248532057
0.0022371355444192886
0.0020321193151175976
0.002012706594541669
0.0021567188668996096
0.00249546323902905
0.0023222730960696936
0.0019106543622910976
0.0019388223299756646
0.0025147083215415478
0.0019477555761113763
0.0020466779824346304
0.002269294112920761
0.0020906906574964523
0.00227699289098382
0.002048483584076166
0.0019216046202927828
0.0028516186866909266
0.002160046249628067
0.002556695370003581
0.0018607175443321466
0.0022863755002617836
0.0017411003354936838
0.0022395660635083914
0.002212264109402895
0.0021344542037695646
0.0028208016883581877
0.0021834352519363165
0.0019924899097532034
0.0019326532492414117
0.0017963772406801581
0.0020722034387290478
0.002210282487794757
0.0025517502799630165
0.0022053492721170187
0.002252316800877452
0.0024379738606512547
0.0023709279485046864
0.002721580909565091
0.0017479152884334326
0.002992555731907487
0.0021840441040694714
0.0027412832714617252
0.0022826583590358496
0.0023121030535548925
0.0021638909820467234
0.002555500715970993
0.0019870263058692217
0.0020817129407078028
0.001876418711617589
0.002215424319729209
0.0019532577134668827
0.0021341745741665363
0.0020980697590857744
0.001580418786033988
0.0025969259440898895
0.0021871787030249834
0.00225963001139462
0.00214778957888484
0.0016455526929348707
0.001881459029391408
0.001986420014873147
0.0024381421972066164
0.001640861271880567
0.001542816055007279
0.002650258829817176
0.0016295657260343432
0.0020637931302189827
0.002543821930885315
0.0024949072394520044
0.0016153285978361964
0.0023775650188326836
0.0018298744689673185
0.0023922629188746214
0.0021454712841659784
0.002398564713075757
0.002509132958948612
0.002285726135596633
0.0024286415427923203
0.0023002861998975277
0.002156782429665327
0.0018452187068760395
0.002132996916770935
0.001813862705603242
0.0019055427983403206
0.0022218599915504456
0.002459126990288496
0.0028180640656501055
0.0019943888764828444
0.0018762813415378332
0.0023095866199582815
0.0025318164844065905
0.0023395337630063295
0.001786690903827548
0.002163657685741782
0.0023356664460152388
0.0020655603148043156
0.001800969592295587
0.0018106842180714011
0.0018877043621614575
0.0019452450796961784
0.0028633803594857454
0.0025962498039007187
0.0027121109887957573
0.0024236240424215794
0.0018452922813594341
0.002255834871903062
0.001822365797124803
0.0023925553541630507
0.0019370481604710221
0.002001227578148246
0.0021248299162834883
0.0019201342947781086
0.0020556298550218344
0.002100614598020911
0.0025914062280207872
0.0018260122742503881
0.002134717768058181
0.0015913425013422966
0.0021318974904716015
0.0021627573296427727
0.0018832860514521599
0.0021860303822904825
0.0022432110272347927
0.0020922538824379444
0.0020891628228127956
0.002277241088449955
0.002071142429485917
0.0019537881016731262
0.001962694339454174
0.0024860375560820103
0.0024210140109062195
0.0020241853781044483
0.002103311475366354
0.002114255912601948
0.0023759035393595695
0.002510219579562545
0.0018268859712406993
0.002147512976080179
0.0021223498042672873
0.0025974062737077475
0.0022446452639997005
0.002082355320453644
0.0019130563596263528
0.002442257944494486
0.002289555734023452
0.0019294333178550005
0.002006486291065812
0.0021564194466918707
0.0021409315522760153
0.002456328133121133
0.0021474154200404882
0.0020438937935978174
0.002241214970126748
0.0017130037304013968
0.002437255112454295
0.002113371156156063
0.0023750157561153173
0.0021789921447634697
0.0017763569485396147
0.002197874942794442
0.002256864681839943
0.0020928913727402687
0.0019430387765169144
0.0019687286112457514
0.0019251301418989897
0.0017493460327386856
0.0015749417943879962
0.0029162622522562742
0.0029163674917072058
0.0019029543036594987
0.00219582486897707
0.0026546793524175882
0.002072010189294815
0.0024318434298038483
0.002161887474358082
0.0022955117747187614
0.002258067252114415
0.002295850310474634
0.0020311062689870596
0.002310214564204216
0.0020186041947454214
0.002362627536058426
0.0026703141629695892
0.0019412953406572342
0.0024428535252809525
0.0017481142422184348
0.0018632353749126196
0.0021805185824632645
0.002316463505849242
0.001722574234008789
0.0017897023353725672
0.0022384272888302803
0.0021301060914993286
0.001625032047741115
0.002027610084041953
0.0023682124447077513
0.0019070481648668647
0.0020309167448431253
0.0020878873765468597
0.0022310945205390453
0.0019173403270542622
0.0021112605463713408
0.00205712066963315
0.0017824029782786965
0.002236704807728529
0.0014590617502108216
0.002072688424959779
0.0021965759806334972
0.0021172799170017242
0.0019657539669424295
0.002458767034113407
0.0026756618171930313
0.002223933581262827
0.001778851030394435
0.002406788058578968
0.0024477040860801935
0.0021103969775140285
0.0017872293246909976
0.0025677233934402466
0.0017421582015231252
0.0021744989790022373
0.0033677024766802788
0.002247641794383526
0.002238521119579673
0.0022833815310150385
0.0020717543084174395
0.002326934365555644
0.002276207087561488
0.00196739099919796
0.0019133700989186764
0.001839067437686026
0.00232335994951427
0.002141394652426243
0.002014228841289878
0.002328006085008383
0.002517433138564229
0.001992278266698122
0.002497240202501416
0.002298750914633274
0.002112998627126217
0.002068922622129321
0.0017490199534222484
0.0019420012831687927
0.0020166418980807066
0.0018565914360806346
0.0020236812997609377
0.0015444551827386022
0.0022419339511543512
0.0030156404245644808
0.0025868285447359085
0.002199379727244377
0.0020596820395439863
0.0025239763781428337
0.002142262412235141
0.002013236517086625
0.0019314459059387445
0.0018707927083596587
0.0019516353495419025
0.002218960551545024
0.002442362019792199
0.0021692579612135887
0.0026998596731573343
0.0026586863677948713
0.0027280182112008333
0.0022114652674645185
0.002512124367058277
0.0020987135358154774
0.0028021088801324368
0.002316600875928998
0.0017087425803765655
0.0020174917299300432
0.0019024013308808208
0.002030697651207447
0.0023361779749393463
0.0018216888420283794
0.0017325400840491056
0.0027928422205150127
0.001999124651774764
0.00243688584305346
0.0025802096351981163
0.002081002341583371
0.002221348462626338
0.0021450472995638847
0.002315614838153124
0.0022365027107298374
0.0019205459393560886
0.0020908708684146404
0.003664931748062372
0.0019595117773860693
0.002154448302462697
0.0020677675493061543
0.0017457596259191632
0.0022438608575612307
0.00258333096280694
0.002533451421186328
0.0022449942771345377
0.0022322244476526976
0.0021095527336001396
0.0022789365611970425
0.0018976470455527306
0.0019611383322626352
0.0025595840997993946
0.002340741688385606
0.0021789073944091797
