0.001679009641520679
0.0021128461230546236
0.0023607166949659586
0.0016956733306869864
0.0019663774874061346
0.00270554656162858
0.0023619963321834803
0.0025925475638359785
0.0022183828987181187
0.002260242123156786
0.002070043468847871
0.002039934042841196
0.00218929722905159
0.0025170489680022
0.002344772918149829
0.0019306536996737123
0.0019578661303967237
0.0025435579009354115
0.0019690704066306353
0.002063990104943514
0.0022961983922868967
0.002110817236825824
0.0023034047335386276
0.0020717745646834373
0.0019420122262090445
0.002879859646782279
0.0021825945004820824
0.0025797782000154257
0.0018816909287124872
0.0023069200105965137
0.0017642553430050611
0.0022624442353844643
0.002232802100479603
0.002159934723749757
0.002843020251020789
0.002207005163654685
0.0020151734352111816
0.0019507076358422637
0.0018170351395383477
0.0020939696114510298
0.0022337741684168577
0.0025774124078452587
0.002223377116024494
0.0022874739952385426
0.0024600110482424498
0.0023988636676222086
0.002744483994320035
0.0017681036842986941
0.0030192744452506304
0.0022029976826161146
0.0027737619820982218
0.002310581272467971
0.002348683774471283
0.002192054409533739
0.0025825947523117065
0.002011949196457863
0.002108838874846697
0.0018963556503877044
0.0022437316365540028
0.0019845105707645416
0.002147090155631304
0.0021228743717074394
0.0016018336173146963
0.002625197870656848
0.002209775149822235
0.002285216934978962
0.0021718197967857122
0.0016669947654008865
0.0019003093475475907
0.0020143587607890368
0.002463496057316661
0.0016661082627251744
0.0015594438882544637
0.0026726576033979654
0.0016480322228744626
0.0020842261146754026
0.0025625424459576607
0.0025245805736631155
0.0016309208003804088
0.0024060113355517387
0.0018542008474469185
0.002421262674033642
0.0021754889748990536
0.0024235518649220467
0.0025440307799726725
0.002321295440196991
0.002448992570862174
0.002320757834240794
0.002178857335820794
0.0018690110882744193
0.0021564315538853407
0.0018293755128979683
0.0019282385474070907
0.002247500466182828
0.0024889588821679354
0.0028594015166163445
0.0020192740485072136
0.001898610731586814
0.002331257564947009
0.0025530257262289524
0.002367041539400816
0.001805767766200006
0.002193113788962364
0.002366183325648308
0.0020817366894334555
0.0018207381945103407
0.0018321623792871833
0.0019145194673910737
0.0019661395344883204
0.002877868479117751
0.0026304733473807573
0.002744042780250311
0.00244506006129086
0.0018653940642252564
0.0022807021159678698
0.0018470223294571042
0.002417541341856122
0.001959927612915635
0.0020219041034579277
0.0021472331136465073
0.0019443745259195566
0.002072181086987257
0.0021176638547331095
0.0026192006189376116
0.0018501987215131521
0.002158435992896557
0.001615679357200861
0.002151292283087969
0.0021897824481129646
0.0019069184781983495
0.002211344428360462
0.002269892720505595
0.002120520221069455
0.002114951843395829
0.0023052305914461613
0.0021022052969783545
0.0019727591425180435
0.001981900306418538
0.0025156275369226933
0.002443514997139573
0.0020496558863669634
0.0021234897430986166
0.002136319177225232
0.002403832506388426
0.0025403068866580725
0.0018485818291082978
0.00216857367195189
0.002149311825633049
0.002632397459819913
0.0022668889723718166
0.0021064099855720997
0.0019418582087382674
0.002475412329658866
0.0023118481040000916
0.0019560970831662416
0.0020231823436915874
0.0021855218801647425
0.002163394121453166
0.00249194772914052
0.002167918486520648
0.0020703936461359262
0.0022605727426707745
0.0017288628732785583
0.0024694253224879503
0.0021313372999429703
0.002402800600975752
0.002205716446042061
0.001797633245587349
0.0022212446201592684
0.0022747365292161703
0.0021223672665655613
0.0019646233413368464
0.0019908975809812546
0.0019474001601338387
0.0017669294029474258
0.0015983416233211756
0.0029491689056158066
0.0029441285878419876
0.001924387994222343
0.002215098589658737
0.002685155486688018
0.002094260649755597
0.002463091164827347
0.002182434080168605
0.0023260924499481916
0.002282989677041769
0.0023232160601764917
0.002057095989584923
0.00233545177616179
0.0020434604957699776
0.002384331775829196
0.0027031232602894306
0.0019596752244979143
0.002469798782840371
0.0017689983360469341
0.0018863808363676071
0.002213620813563466
0.002344693522900343
0.0017415141919627786
0.0018076192354783416
0.002267049625515938
0.002144439145922661
0.0016477912431582808
0.002054099924862385
0.0023999703116714954
0.0019317250698804855
0.002048203721642494
0.0021144167985767126
0.0022455882281064987
0.0019436755683273077
0.002137780422344804
0.0020824505481868982
0.0018110460368916392
0.002257904037833214
0.001481429091654718
0.002101851860061288
0.0022186387795954943
0.002145695500075817
0.0019867313094437122
0.002488174708560109
0.0027126630302518606
0.0022484592627733946
0.0017962576821446419
0.002431145403534174
0.002474747598171234
0.0021328481379896402
0.0018129777163267136
0.0025971231516450644
0.001767410896718502
0.002201313618570566
0.003395079867914319
0.0022723355796188116
0.0022624109406024218
0.0023099426180124283
0.002092742593958974
0.002357172081246972
0.0022998449858278036
0.0019930796697735786
0.0019401017343625426
0.001858601113781333
0.0023471626918762922
0.00217338465154171
0.0020393284503370523
0.0023506286088377237
0.002547399839386344
0.002012833720073104
0.002521604299545288
0.0023217250127345324
0.0021403662394732237
0.0020914673805236816
0.0017712736735120416
0.0019651767797768116
0.0020415582694113255
0.0018744011176750064
0.002041720552369952
0.001564426813274622
0.002261091023683548
0.003047238802537322
0.002614434342831373
0.002227235119789839
0.002083491999655962
0.002552046673372388
0.0021656479220837355
0.002034796867519617
0.001960054272785783
0.0018938877619802952
0.0019779526628553867
0.0022447737865149975
0.0024743119720369577
0.0021941158920526505
0.0027310701552778482
0.0026746352668851614
0.002755535766482353
0.0022310425993055105
0.0025312171783298254
0.0021243379451334476
0.002835978055372834
0.00233293860219419
0.0017257522558793426
0.0020438330247998238
0.0019312570802867413
0.0020535241346806288
0.002366079716011882
0.001839658711105585
0.0017513770144432783
0.0028226387221366167
0.002025878755375743
0.002464908640831709
0.002595537109300494
0.00211347290314734
0.002246486023068428
0.0021751010790467262
0.0023432301823049784
0.002261572750285268
0.0019407696090638638
0.0021143618505448103
0.003688685828819871
0.001985046546906233
0.00219188304618001
0.0020902566611766815
0.001764948247000575
0.0022655855864286423
0.002611586358398199
0.002563493326306343
0.0022658398374915123
0.0022590369917452335
0.002135238377377391
0.0023054915945976973
0.0019269561162218451
0.001982850953936577
0.0026051097083836794
0.002369467169046402
0.0022011238615959883
