0.10091985017061234
0.09138250350952148
0.10036225616931915
0.08727855235338211
0.08369919657707214
0.0808568000793457
0.06605982035398483
0.0655590370297432
0.051434606313705444
0.04498278722167015
0.03792876377701759
0.03928403556346893
0.03626884147524834
0.039875585585832596
0.03791898116469383
0.03303566575050354
0.0344843715429306
0.030584052205085754
0.03392625227570534
0.03628842160105705
0.029400844126939774
0.025392185896635056
0.031288884580135345
0.02760167419910431
0.022893572226166725
0.024997923523187637
0.024358728900551796
0.024287985637784004
0.024761151522397995
0.02475866861641407
0.022384561598300934
0.02072654664516449
0.02337566949427128
0.020549222826957703
0.023276587948203087
0.018514659255743027
0.016008589416742325
0.016392705962061882
0.018280111253261566
0.01992128975689411
0.017509398981928825
0.017379743978381157
0.021630413830280304
0.01607421226799488
0.018735451623797417
0.01871519908308983
0.01647035963833332
0.016108162701129913
0.015539185144007206
0.014354790560901165
0.01380368322134018
0.015089406631886959
0.01271386444568634
0.012500365264713764
0.014813884161412716
0.012761346064507961
0.014522217214107513
0.013613928109407425
0.011932005174458027
0.013722586445510387
0.0129969147965312
0.015292047522962093
0.010413797572255135
0.011279989965260029
0.01694493554532528
0.01176724024116993
0.012669327668845654
0.011607697233557701
0.012825227342545986
