0.0016698797699064016
0.0020963363349437714
0.0023438921198248863
0.0016859679017215967
0.0019562842790037394
0.002687600441277027
0.002347460249438882
0.002573248464614153
0.002201005117967725
0.0022457910235971212
0.0020446819253265858
0.0020217872224748135
0.002167673548683524
0.0025029918178915977
0.0023303863126784563
0.0019173427717760205
0.0019454717403277755
0.0025241144467145205
0.0019552670419216156
0.0020529557950794697
0.0022776988334953785
0.0020976790692657232
0.002285912400111556
0.0020564424339681864
0.0019286718452349305
0.0028613500762730837
0.002168260281905532
0.0025650851894170046
0.001868151011876762
0.0022930451668798923
0.0017489884048700333
0.00224720174446702
0.002219147514551878
0.002143420744687319
0.002829538658261299
0.0021915538236498833
0.0020005954429507256
0.0019391101086512208
0.0018033594824373722
0.0020798351615667343
0.0022183649707585573
0.0025607834104448557
0.002211629645898938
0.002264573937281966
0.002445356920361519
0.0023811408318579197
0.002729490166530013
0.0017547836760059
0.0030015893280506134
0.002191186184063554
0.0027526298072189093
0.0022920232731848955
0.0023245615884661674
0.0021739937365055084
0.00256471149623394
0.0019958573393523693
0.0020906361751258373
0.0018836208619177341
0.0022244416177272797
0.001963480841368437
0.0021387971937656403
0.0021065273322165012
0.0015876168617978692
0.002606969093903899
0.002194672590121627
0.002268590033054352
0.002155821770429611
0.0016524777747690678
0.0018878098344430327
0.0019952855072915554
0.002447083592414856
0.0016491076676174998
0.0015487069031223655
0.0026593152433633804
0.0016355006955564022
0.002070862101390958
0.0025505460798740387
0.0025054928846657276
0.0016206051222980022
0.0023872151505202055
0.001838064519688487
0.0024025135207921267
0.0021552524995058775
0.0024073277600109577
0.002520926995202899
0.002297435887157917
0.0024356148205697536
0.0023072429466992617
0.002164362696930766
0.0018534499686211348
0.0021411266643553972
0.0018196707824245095
0.0019132663728669286
0.0022300106938928366
0.002469118684530258
0.0028322339057922363
0.0020024466793984175
0.001884175231680274
0.0023169831838458776
0.002539657987654209
0.002348922658711672
0.0017930970061570406
0.002173636108636856
0.002345878630876541
0.0020708355586975813
0.0018074209801852703
0.0018175349105149508
0.0018967484356835485
0.0019525159150362015
0.0028690288309007883
0.002608116250485182
0.0027222943026572466
0.00243054935708642
0.0018518995493650436
0.0022639241069555283
0.0018301764503121376
0.0024014445953071117
0.0019451557891443372
0.0020086942240595818
0.002132182940840721
0.0019280528649687767
0.0020610294304788113
0.0021066060289740562
0.0026005981490015984
0.0018341544782742858
0.0021432398352771997
0.0015992169501259923
0.0021393103525042534
0.0021727881394326687
0.0018915748223662376
0.00219543743878603
0.0022524981759488583
0.0021014800295233727
0.002097849966958165
0.0022864581551402807
0.0020813632290810347
0.0019598680082708597
0.001969301840290427
0.0024965761695057154
0.002428102772682905
0.002032594056800008
0.0021099261939525604
0.002121410332620144
0.0023857441265136003
0.002519987989217043
0.0018346149008721113
0.0021550238598138094
0.002131362911313772
0.002609346294775605
0.002252673264592886
0.0020906776189804077
0.0019222022965550423
0.0024536626879125834
0.0022974659223109484
0.001938971458002925
0.002012704499065876
0.002166502643376589
0.0021487800404429436
0.0024688702542334795
0.0021546874195337296
0.002053298754617572
0.0022474986035376787
0.001718508661724627
0.002448389073833823
0.0021193402353674173
0.002383818617090583
0.002187812002375722
0.0017836048500612378
0.002205505035817623
0.0022632700856775045
0.0021026632748544216
0.001950825797393918
0.0019763431046158075
0.0019326196052134037
0.001755712553858757
0.001583228586241603
0.002928361529484391
0.002925718668848276
0.0019095944007858634
0.002202059607952833
0.00266477232798934
0.0020796051248908043
0.0024425399024039507
0.0021694099996238947
0.002305811271071434
0.002266612369567156
0.0023054450284689665
0.0020401545334607363
0.002319042570888996
0.0020269444212317467
0.002370063681155443
0.0026811975985765457
0.0019476857269182801
0.0024519742000848055
0.0017551869386807084
0.001871040789410472
0.002191421575844288
0.0023263548500835896
0.0017289344687014818
0.0017958334647119045
0.002247994765639305
0.002134945010766387
0.001632504048757255
0.0020365146920084953
0.0023789333645254374
0.0019156394992023706
0.0020375780295580626
0.002097182674333453
0.00223663286305964
0.001925793243572116
0.0021205712109804153
0.002065869513899088
0.0017923113191500306
0.002243881346657872
0.0014664295595139265
0.002082361141219735
0.00220409850589931
0.00212694238871336
0.0019727954640984535
0.002468752209097147
0.002688030246645212
0.002232499187812209
0.001784588908776641
0.0024149329401552677
0.0024570017121732235
0.002118103438988328
0.0017961584962904453
0.002577255479991436
0.0017509798053652048
0.002183682983741164
0.0033764250110834837
0.0022559224162250757
0.00224631791934371
0.002292742021381855
0.0020787976682186127
0.0023367551621049643
0.002284406218677759
0.0019765086472034454
0.0019222318660467863
0.0018460165010765195
0.002331721130758524
0.002152177505195141
0.0020226817578077316
0.002335948869585991
0.0025272946804761887
0.0019996671471744776
0.0025057510938495398
0.002306382404640317
0.002122056670486927
0.0020764158107340336
0.0017564604058861732
0.0019496968016028404
0.0020251444075256586
0.0018630368867889047
0.0020296252332627773
0.0015509590739384294
0.002248686971142888
0.003026659367606044
0.0025968155823647976
0.0022085143718868494
0.0020681950263679028
0.0025334972888231277
0.0021503588650375605
0.00202050618827343
0.0019405450439080596
0.001878889393992722
0.0019604500848799944
0.002227952005341649
0.002453254535794258
0.0021777052897959948
0.002710751025006175
0.0026641597505658865
0.0027367521543055773
0.0022184262052178383
0.002518940716981888
0.002107718726620078
0.0028133909218013287
0.00232260231859982
0.0017147382022812963
0.0020262370817363262
0.001912187202833593
0.0020386676769703627
0.0023466970305889845
0.0018280823715031147
0.0017391156870871782
0.0028036015573889017
0.002008139854297042
0.0024469494819641113
0.002586890012025833
0.0020916766952723265
0.002229945734143257
0.002155208494514227
0.0023252053651958704
0.0022456699516624212
0.001927747274748981
0.0020986683666706085
0.003672968363389373
0.001968198688700795
0.0021669999696314335
0.002075599506497383
0.0017522380221635103
0.0022513610310852528
0.002592899603769183
0.002544533694162965
0.0022517219185829163
0.0022412410471588373
0.002118394710123539
0.002288408810272813
0.001907177153043449
0.0019686210434883833
0.0025762540753930807
0.0023505636490881443
0.002187037840485573
