0.0016827080398797989
0.0021226985845714808
0.0023659798316657543
0.001700218883343041
0.001971586374565959
0.0027162402402609587
0.0023682645987719297
0.0026002090889960527
0.002229980891570449
0.002265147166326642
0.0020844570826739073
0.0020493336487561464
0.0021968078799545765
0.002524059731513262
0.0023490136954933405
0.0019362922757863998
0.001963506219908595
0.002554066712036729
0.0019756576512008905
0.002069181529805064
0.002305887872353196
0.0021157697774469852
0.0023106022272258997
0.0020779124461114407
0.0019490487175062299
0.0028872599359601736
0.0021859225817024708
0.0025857649743556976
0.0018865559250116348
0.0023127070162445307
0.0017721324693411589
0.0022677842061966658
0.002240188419818878
0.0021676532924175262
0.00284585845656693
0.002210950944572687
0.0020210405346006155
0.001956735737621784
0.00182305125053972
0.0020995857194066048
0.0022392680402845144
0.0025861687026917934
0.0022285310551524162
0.0023004787508398294
0.002466125413775444
0.002405501203611493
0.002751181833446026
0.0017745598452165723
0.003027006983757019
0.002207368379458785
0.00278254272416234
0.002318723825737834
0.00235914858058095
0.00219853431917727
0.002591075375676155
0.002019208390265703
0.002117217518389225
0.0019014845602214336
0.002252978039905429
0.0019961954094469547
0.002149372361600399
0.0021294821053743362
0.001608051243238151
0.0026336093433201313
0.002217223634943366
0.00229284493252635
0.0021810606122016907
0.0016744578024372458
0.0019057824974879622
0.00202456908300519
0.002469967119395733
0.0016746586188673973
0.0015635443851351738
0.0026762676425278187
0.0016542222583666444
0.0020906992722302675
0.00256409146822989
0.0025327170733362436
0.0016353473765775561
0.0024150668177753687
0.0018612752901390195
0.0024284361861646175
0.0021839183755218983
0.002430195454508066
0.0025545351672917604
0.0023326005320996046
0.0024555562995374203
0.0023286191280931234
0.0021854694932699203
0.00187647994607687
0.0021635203156620264
0.0018333272309973836
0.00193538679741323
0.0022568495478481054
0.002497733337804675
0.002872631186619401
0.002027643145993352
0.0019054721342399716
0.002338528400287032
0.0025582262314856052
0.002376045100390911
0.0018116822466254234
0.002202526666224003
0.002375367796048522
0.00208704243414104
0.001826078281737864
0.0018390939803794026
0.0019227956654503942
0.0019719479605555534
0.002880261279642582
0.002640223130583763
0.0027545918710529804
0.0024521800223737955
0.00187106488738209
0.0022883471101522446
0.0018565983045846224
0.002424797508865595
0.0019661758560687304
0.0020275793503969908
0.0021553565748035908
0.0019531967118382454
0.002078272635117173
0.0021226806566119194
0.002629117341712117
0.001857698429375887
0.0021640262566506863
0.0016242910642176867
0.002155365888029337
0.002196005778387189
0.00191336905118078
0.0022159868385642767
0.00227792514488101
0.0021304746624082327
0.002122908364981413
0.0023150239139795303
0.0021128500811755657
0.0019791952800005674
0.001987281022593379
0.002523809438571334
0.002451027277857065
0.002058672718703747
0.0021296502090990543
0.002143283374607563
0.00241218414157629
0.0025510156992822886
0.0018546546343713999
0.0021741995587944984
0.0021580159664154053
0.002643187530338764
0.0022723244037479162
0.0021135054994374514
0.0019531897269189358
0.0024855646770447493
0.0023188090417534113
0.0019626726862043142
0.0020268152002245188
0.002194133121520281
0.0021707676351070404
0.002501931507140398
0.0021746011916548014
0.002076878445222974
0.0022668582387268543
0.0017340705962851644
0.002478555776178837
0.002138257259503007
0.0024133860133588314
0.002215114887803793
0.00180392200127244
0.0022281932178884745
0.0022800741717219353
0.0021316222846508026
0.0019709570333361626
0.0019974159076809883
0.0019549743738025427
0.001771349343471229
0.0016060256166383624
0.002957825781777501
0.002953996416181326
0.001932699466124177
0.0022215694189071655
0.0026954738423228264
0.0021010832861065865
0.002473584609106183
0.002187263686209917
0.0023360855411738157
0.002290650736540556
0.002331258961930871
0.0020653754472732544
0.002342703752219677
0.0020517311058938503
0.002391983987763524
0.002714070025831461
0.0019654666539281607
0.002478125272318721
0.001776349381543696
0.0018941903254017234
0.0022256900556385517
0.0023526777513325214
0.0017476329812780023
0.0018131985561922193
0.002276561688631773
0.002148508094251156
0.001655074069276452
0.002062533050775528
0.002410109154880047
0.0019394838018342853
0.0020510894246399403
0.002122406614944339
0.0022481183987110853
0.0019532733131200075
0.002145233564078808
0.0020899937953799963
0.0018197193276137114
0.002265025395900011
0.0014891086611896753
0.0021119285374879837
0.0022262204438447952
0.0021551847457885742
0.001993943005800247
0.002497666049748659
0.002725166967138648
0.0022565501276403666
0.001801885198801756
0.0024391543120145798
0.0024840645492076874
0.0021398086100816727
0.0018207232933491468
0.0026086289435625076
0.0017746557714417577
0.002209779340773821
0.0034049886744469404
0.0022803815081715584
0.0022719113621860743
0.002317181322723627
0.0020999929402023554
0.002367951674386859
0.002306709997355938
0.0019994277972728014
0.0019491726998239756
0.001862666686065495
0.0023546202573925257
0.002184129785746336
0.002047973684966564
0.0023568428587168455
0.0025585792027413845
0.002018833300098777
0.0025282702408730984
0.002329425420612097
0.0021502641029655933
0.002098800614476204
0.001778542879037559
0.001973134931176901
0.0020495932549238205
0.0018789909081533551
0.0020472349133342505
0.0015709286089986563
0.002266623778268695
0.0030566540081053972
0.0026222080923616886
0.0022371348459273577
0.002090047113597393
0.0025612255558371544
0.0021731399465352297
0.002041977597400546
0.001970821525901556
0.0019002368208020926
0.0019867641385644674
0.0022520560305565596
0.002484768396243453
0.0022019455209374428
0.0027403635904192924
0.0026795517187565565
0.00276641221717
0.002237217267975211
0.0025363839231431484
0.0021318511571735144
0.0028479851316660643
0.002336884383112192
0.001730512478388846
0.0020533744245767593
0.0019401554018259048
0.002060418017208576
0.002375622745603323
0.001843801699578762
0.0017573321238160133
0.0028311507776379585
0.002035018289461732
0.002472691936418414
0.0025949326809495687
0.0021250415593385696
0.0022548469714820385
0.002185841789469123
0.002351346192881465
0.002268112963065505
0.0019455805886536837
0.0021228210534900427
0.003695901483297348
0.001992186764255166
0.0022047616075724363
0.0020969717297703028
0.0017717188457027078
0.0022722126450389624
0.002621215535327792
0.0025715220253914595
0.0022742191795259714
0.002267493400722742
0.002143159508705139
0.002313444158062339
0.0019377475837245584
0.0019900759216398
0.0026186760514974594
0.0023790542036294937
0.002206352073699236
