0.001659747795201838
0.0020801618229597807
0.002325759967789054
0.00167508190497756
0.0019463053904473782
0.002668143017217517
0.002331881783902645
0.0025543076917529106
0.0021834911312907934
0.00222787051461637
0.0020197085104882717
0.002003614790737629
0.0021457704715430737
0.0024873199872672558
0.0023138821125030518
0.0019038912141695619
0.0019318362465128303
0.0025052258279174566
0.0019400515593588352
0.0020397896878421307
0.0022610118612647057
0.0020834174938499928
0.002268114360049367
0.0020403084345161915
0.0019144181860610843
0.002841674257069826
0.00215135607868433
0.00254804827272892
0.0018529435619711876
0.002279613632708788
0.0017332792049273849
0.0022319203708320856
0.002205315977334976
0.002125005004927516
0.002811223268508911
0.0021751958411186934
0.0019840800669044256
0.0019259951077401638
0.0017891689203679562
0.0020644012838602066
0.0022021245677024126
0.0025420612655580044
0.002198816044256091
0.002239511115476489
0.0024306518025696278
0.002360255690291524
0.0027131091337651014
0.0017409902065992355
0.0029832753352820873
0.002176161389797926
0.002729450585320592
0.0022731036879122257
0.002299628686159849
0.0021532545797526836
0.002546207746490836
0.0019779105205088854
0.0020729259122163057
0.0018688349518924952
0.002206483855843544
0.001943188370205462
0.002129678148776293
0.002089601708576083
0.0015734528424218297
0.002586420625448227
0.0021795607171952724
0.0022503661457449198
0.0021395771764218807
0.0016387458890676498
0.001874995417892933
0.0019775351975113153
0.0024288755375891924
0.0016327013727277517
0.0015366970328614116
0.0026400473434478045
0.00162373052444309
0.0020565050654113293
0.0025369913782924414
0.002483831951394677
0.001609901082701981
0.0023677737917751074
0.0018215373856946826
0.002381210681051016
0.002135824877768755
0.002389467554166913
0.002497331937775016
0.002274048514664173
0.002421266632154584
0.002292853780090809
0.002148900181055069
0.0018367249285802245
0.002124568447470665
0.0018074248218908906
0.0018978118896484375
0.002214017789810896
0.0024491914082318544
0.0028033461421728134
0.0019862838089466095
0.0018677577609196305
0.002301906468346715
0.002523233415558934
0.0023299050517380238
0.001780116930603981
0.00215364177711308
0.0023252235259860754
0.0020602799486368895
0.0017946937587112188
0.0018041785806417465
0.001878583338111639
0.001937609282322228
0.0028568189591169357
0.0025839884765446186
0.002702136989682913
0.002416542498394847
0.0018385137664154172
0.002247829921543598
0.001814807066693902
0.0023834840394556522
0.0019286980386823416
0.0019929823465645313
0.0021177278831601143
0.0019123356323689222
0.002050174633041024
0.002094162628054619
0.0025821146555244923
0.0018174642464146018
0.002125254599377513
0.0015832340577617288
0.002123946789652109
0.0021520238369703293
0.0018746266141533852
0.0021762915421277285
0.002233875449746847
0.0020827946718782187
0.002080116420984268
0.002268056385219097
0.0020608664490282536
0.0019475166918709874
0.001955847255885601
0.002475087996572256
0.002414475427940488
0.002015460282564163
0.00209660641849041
0.002107316628098488
0.0023652564268559217
0.0025006509386003017
0.0018186548259109259
